<?xml version="1.0" encoding="UTF-8"?>
<!-- Generated by org.testng.reporters.JUnitReportReporter -->
<testsuite hostname="אורן-PC" failures="0" tests="2" name="qaclickacademy.SeleniumTest" time="0.009" errors="0" timestamp="2020-06-24T22:35:32 IDT" skipped="0">
  <testcase classname="qaclickacademy.SeleniumTest" name="BrowserAUtomation" time="0.008"/>
  <system-out/>
  <testcase classname="qaclickacademy.SeleniumTest" name="elementsUi" time="0.001"/>
  <system-out/>
</testsuite> <!-- qaclickacademy.SeleniumTest -->
