<?xml version="1.0" encoding="UTF-8"?>
<!-- Generated by org.testng.reporters.JUnitReportReporter -->
<testsuite hostname="אורן-PC" failures="0" tests="1" name="qaclickacademy.AppiumTest" time="0.008" errors="0" timestamp="2020-06-24T22:36:13 IDT" skipped="0">
  <testcase classname="qaclickacademy.AppiumTest" name="IOSApps" time="0.008"/>
  <system-out/>
</testsuite> <!-- qaclickacademy.AppiumTest -->
