<?xml version="1.0" encoding="UTF-8"?>
<!-- Generated by org.testng.reporters.JUnitReportReporter -->
<testsuite hostname="אורן-PC" failures="0" tests="1" name="qaclickacademy.AppiumTest" time="0.007" errors="0" timestamp="25 Jun 2020 18:24:15 GMT">
  <testcase classname="qaclickacademy.AppiumTest" name="IOSApps" time="0.007"/>
</testsuite> <!-- qaclickacademy.AppiumTest -->
