<?xml version="1.0" encoding="UTF-8"?>
<!-- Generated by org.testng.reporters.JUnitReportReporter -->
<testsuite hostname="אורן-PC" failures="0" tests="2" name="qaclickacademy.RESTAPITest" time="0.006" errors="0" timestamp="25 Jun 2020 19:06:49 GMT">
  <testcase classname="qaclickacademy.RESTAPITest" name="deleteTwitter" time="0.006"/>
  <testcase classname="qaclickacademy.RESTAPITest" name="postJira" time="0.000"/>
</testsuite> <!-- qaclickacademy.RESTAPITest -->
